Mplus VERSION 8.6
MUTHEN & MUTHEN
03/13/2022   4:05 PM

INPUT INSTRUCTIONS

  TITLE:
  5 classes
  DATA:
  FILE = "data_tmp_766a4a538a9aa5bfd1b231230275dc47.dat";

  VARIABLE:
  NAMES = x;
   MISSING=.;
   CLASSES = c1(5);

  ANALYSIS:
  TYPE = mixture;

  MODEL:
  %OVERALL%



  OUTPUT:
  TECH11 TECH14;
  SAVEDATA:
  FILE IS tmp_5.dat;
  SAVE = cprobabilities;



*** WARNING in MODEL command
  All variables are uncorrelated with all other variables within class.
  Check that this is what is intended.
   1 WARNING(S) FOUND IN THE INPUT INSTRUCTIONS




5 classes

SUMMARY OF ANALYSIS

Number of groups                                                 1
Number of observations                                         200

Number of dependent variables                                    1
Number of independent variables                                  0
Number of continuous latent variables                            0
Number of categorical latent variables                           1

Observed dependent variables

  Continuous
   X

Categorical latent variables
   C1


Estimator                                                      MLR
Information matrix                                        OBSERVED
Optimization Specifications for the Quasi-Newton Algorithm for
Continuous Outcomes
  Maximum number of iterations                                 100
  Convergence criterion                                  0.100D-05
Optimization Specifications for the EM Algorithm
  Maximum number of iterations                                 500
  Convergence criteria
    Loglikelihood change                                 0.100D-06
    Relative loglikelihood change                        0.100D-06
    Derivative                                           0.100D-05
Optimization Specifications for the M step of the EM Algorithm for
Categorical Latent variables
  Number of M step iterations                                    1
  M step convergence criterion                           0.100D-05
  Basis for M step termination                           ITERATION
Optimization Specifications for the M step of the EM Algorithm for
Censored, Binary or Ordered Categorical (Ordinal), Unordered
Categorical (Nominal) and Count Outcomes
  Number of M step iterations                                    1
  M step convergence criterion                           0.100D-05
  Basis for M step termination                           ITERATION
  Maximum value for logit thresholds                            15
  Minimum value for logit thresholds                           -15
  Minimum expected cell size for chi-square              0.100D-01
Maximum number of iterations for H1                           2000
Convergence criterion for H1                             0.100D-03
Optimization algorithm                                         EMA
Random Starts Specifications
  Number of initial stage random starts                         20
  Number of final stage optimizations                            4
  Number of initial stage iterations                            10
  Initial stage convergence criterion                    0.100D+01
  Random starts scale                                    0.500D+01
  Random seed for generating random starts                       0

Input data file(s)
  data_tmp_766a4a538a9aa5bfd1b231230275dc47.dat
Input data format  FREE


SUMMARY OF DATA

     Number of missing data patterns             1
     Number of y missing data patterns           1
     Number of u missing data patterns           0


COVARIANCE COVERAGE OF DATA

Minimum covariance coverage value   0.100


     PROPORTION OF DATA PRESENT FOR Y


           Covariance Coverage
              X
              ________
 X              1.000



UNIVARIATE SAMPLE STATISTICS


     UNIVARIATE HIGHER-ORDER MOMENT DESCRIPTIVE STATISTICS

         Variable/         Mean/     Skewness/   Minimum/ % with                Percentiles
        Sample Size      Variance    Kurtosis    Maximum  Min/Max      20%/60%    40%/80%    Median

     X                     1.755       0.044      -1.129    0.50%       0.379      1.225      1.938
             200.000       1.748      -0.919       4.789    0.50%       2.283      2.920

RANDOM STARTS RESULTS RANKED FROM THE BEST TO THE WORST LOGLIKELIHOOD VALUES

Final stage loglikelihood values at local maxima, seeds, and initial stage start numbers:

            -320.803  unperturbed      0
            -322.796  533738           11
            -322.796  573096           20
            -323.378  76974            16



     WARNING:  THE BEST LOGLIKELIHOOD VALUE WAS NOT REPLICATED.  THE
     SOLUTION MAY NOT BE TRUSTWORTHY DUE TO LOCAL MAXIMA.  INCREASE THE
     NUMBER OF RANDOM STARTS.


THE MODEL ESTIMATION TERMINATED NORMALLY



MODEL FIT INFORMATION

Number of Free Parameters                       10

Loglikelihood

          H0 Value                        -320.803
          H0 Scaling Correction Factor      1.0205
            for MLR

Information Criteria

          Akaike (AIC)                     661.605
          Bayesian (BIC)                   694.589
          Sample-Size Adjusted BIC         662.908
            (n* = (n + 2) / 24)



FINAL CLASS COUNTS AND PROPORTIONS FOR THE LATENT CLASSES
BASED ON THE ESTIMATED MODEL

    Latent
   Classes

       1         44.05655          0.22028
       2         45.18728          0.22594
       3         57.92150          0.28961
       4         38.95146          0.19476
       5         13.88322          0.06942


FINAL CLASS COUNTS AND PROPORTIONS FOR THE LATENT CLASSES
BASED ON ESTIMATED POSTERIOR PROBABILITIES

    Latent
   Classes

       1         44.05655          0.22028
       2         45.18728          0.22594
       3         57.92150          0.28961
       4         38.95146          0.19476
       5         13.88322          0.06942


FINAL CLASS COUNTS AND PROPORTIONS FOR THE LATENT CLASSES
BASED ON THEIR MOST LIKELY LATENT CLASS MEMBERSHIP

Class Counts and Proportions

    Latent
   Classes

       1               44          0.22000
       2               46          0.23000
       3               59          0.29500
       4               37          0.18500
       5               14          0.07000


CLASSIFICATION QUALITY

     Entropy                         0.792


Average Latent Class Probabilities for Most Likely Latent Class Membership (Row)
by Latent Class (Column)

           1        2        3        4        5

    1   0.901    0.099    0.000    0.000    0.000
    2   0.096    0.861    0.042    0.000    0.000
    3   0.000    0.020    0.854    0.126    0.000
    4   0.000    0.000    0.151    0.816    0.033
    5   0.000    0.000    0.000    0.094    0.906


Classification Probabilities for the Most Likely Latent Class Membership (Column)
by Latent Class (Row)

           1        2        3        4        5

    1   0.899    0.101    0.000    0.000    0.000
    2   0.097    0.877    0.026    0.000    0.000
    3   0.000    0.033    0.870    0.097    0.000
    4   0.000    0.000    0.191    0.775    0.034
    5   0.000    0.000    0.000    0.087    0.913


Logits for the Classification Probabilities for the Most Likely Latent Class Membership (Column)
by Latent Class (Row)

              1        2        3        4        5

    1     13.709   11.519    1.130    0.000    0.000
    2     11.481   13.684   10.174    0.000    0.000
    3     -3.650    6.769   10.026    7.830    0.000
    4    -10.431   -7.044    1.729    3.130    0.000
    5    -13.725  -13.725  -10.221   -2.353    0.000


MODEL RESULTS

                                                    Two-Tailed
                    Estimate       S.E.  Est./S.E.    P-Value

Latent Class 1

 Means
    X                  0.017      0.083      0.202      0.840

 Variances
    X                  0.132      0.033      3.977      0.000

Latent Class 2

 Means
    X                  0.944      0.101      9.363      0.000

 Variances
    X                  0.132      0.033      3.977      0.000

Latent Class 3

 Means
    X                  2.265      0.094     24.209      0.000

 Variances
    X                  0.132      0.033      3.977      0.000

Latent Class 4

 Means
    X                  3.049      0.128     23.781      0.000

 Variances
    X                  0.132      0.033      3.977      0.000

Latent Class 5

 Means
    X                  4.155      0.110     37.747      0.000

 Variances
    X                  0.132      0.033      3.977      0.000

Categorical Latent Variables

 Means
    C1#1               1.155      0.367      3.151      0.002
    C1#2               1.180      0.361      3.268      0.001
    C1#3               1.428      0.386      3.705      0.000
    C1#4               1.032      0.406      2.539      0.011


QUALITY OF NUMERICAL RESULTS

     Condition Number for the Information Matrix              0.722E-03
       (ratio of smallest to largest eigenvalue)


TECHNICAL 11 OUTPUT

     Random Starts Specifications for the k-1 Class Analysis Model
        Number of initial stage random starts                  20
        Number of final stage optimizations                     4



     VUONG-LO-MENDELL-RUBIN LIKELIHOOD RATIO TEST FOR 4 (H0) VERSUS 5 CLASSES

          H0 Loglikelihood Value                         -322.796
          2 Times the Loglikelihood Difference              3.988
          Difference in the Number of Parameters                2
          Mean                                              4.394
          Standard Deviation                                5.227
          P-Value                                          0.3748

     LO-MENDELL-RUBIN ADJUSTED LRT TEST

          Value                                             3.644
          P-Value                                          0.4058


TECHNICAL 14 OUTPUT

     Random Starts Specifications for the k-1 Class Analysis Model
        Number of initial stage random starts                  20
        Number of final stage optimizations                     4

     Random Starts Specification for the k-1 Class Model for Generated Data
        Number of initial stage random starts                   0
        Number of final stage optimizations for the
           initial stage random starts                          0
     Random Starts Specification for the k Class Model for Generated Data
        Number of initial stage random starts                  40
        Number of final stage optimizations                     8
     Number of bootstrap draws requested                   Varies


     PARAMETRIC BOOTSTRAPPED LIKELIHOOD RATIO TEST FOR 4 (H0) VERSUS 5 CLASSES

          H0 Loglikelihood Value                         -322.796
          2 Times the Loglikelihood Difference              3.988
          Difference in the Number of Parameters                2
          Approximate P-Value                              0.2857
          Successful Bootstrap Draws                           14


SAVEDATA INFORMATION


  Save file
    tmp_5.dat

  Order and format of variables

    X              F10.3
    CPROB1         F10.3
    CPROB2         F10.3
    CPROB3         F10.3
    CPROB4         F10.3
    CPROB5         F10.3
    C1             F10.3

  Save file format
    7F10.3

  Save file record length    10000

  Save missing symbol        *


     Beginning Time:  16:05:03
        Ending Time:  16:05:06
       Elapsed Time:  00:00:03



MUTHEN & MUTHEN
3463 Stoner Ave.
Los Angeles, CA  90066

Tel: (310) 391-9971
Fax: (310) 391-8971
Web: www.StatModel.com
Support: Support@StatModel.com

Copyright (c) 1998-2021 Muthen & Muthen
