Mplus VERSION 8.6
MUTHEN & MUTHEN
03/13/2022   4:05 PM

INPUT INSTRUCTIONS

  TITLE:
  4 classes
  DATA:
  FILE = "data_tmp_766a4a538a9aa5bfd1b231230275dc47.dat";

  VARIABLE:
  NAMES = x;
   MISSING=.;
   CLASSES = c1(4);

  ANALYSIS:
  TYPE = mixture;

  MODEL:
  %OVERALL%



  OUTPUT:
  TECH11 TECH14;
  SAVEDATA:
  FILE IS tmp_4.dat;
  SAVE = cprobabilities;



*** WARNING in MODEL command
  All variables are uncorrelated with all other variables within class.
  Check that this is what is intended.
   1 WARNING(S) FOUND IN THE INPUT INSTRUCTIONS




4 classes

SUMMARY OF ANALYSIS

Number of groups                                                 1
Number of observations                                         200

Number of dependent variables                                    1
Number of independent variables                                  0
Number of continuous latent variables                            0
Number of categorical latent variables                           1

Observed dependent variables

  Continuous
   X

Categorical latent variables
   C1


Estimator                                                      MLR
Information matrix                                        OBSERVED
Optimization Specifications for the Quasi-Newton Algorithm for
Continuous Outcomes
  Maximum number of iterations                                 100
  Convergence criterion                                  0.100D-05
Optimization Specifications for the EM Algorithm
  Maximum number of iterations                                 500
  Convergence criteria
    Loglikelihood change                                 0.100D-06
    Relative loglikelihood change                        0.100D-06
    Derivative                                           0.100D-05
Optimization Specifications for the M step of the EM Algorithm for
Categorical Latent variables
  Number of M step iterations                                    1
  M step convergence criterion                           0.100D-05
  Basis for M step termination                           ITERATION
Optimization Specifications for the M step of the EM Algorithm for
Censored, Binary or Ordered Categorical (Ordinal), Unordered
Categorical (Nominal) and Count Outcomes
  Number of M step iterations                                    1
  M step convergence criterion                           0.100D-05
  Basis for M step termination                           ITERATION
  Maximum value for logit thresholds                            15
  Minimum value for logit thresholds                           -15
  Minimum expected cell size for chi-square              0.100D-01
Maximum number of iterations for H1                           2000
Convergence criterion for H1                             0.100D-03
Optimization algorithm                                         EMA
Random Starts Specifications
  Number of initial stage random starts                         20
  Number of final stage optimizations                            4
  Number of initial stage iterations                            10
  Initial stage convergence criterion                    0.100D+01
  Random starts scale                                    0.500D+01
  Random seed for generating random starts                       0

Input data file(s)
  data_tmp_766a4a538a9aa5bfd1b231230275dc47.dat
Input data format  FREE


SUMMARY OF DATA

     Number of missing data patterns             1
     Number of y missing data patterns           1
     Number of u missing data patterns           0


COVARIANCE COVERAGE OF DATA

Minimum covariance coverage value   0.100


     PROPORTION OF DATA PRESENT FOR Y


           Covariance Coverage
              X
              ________
 X              1.000



UNIVARIATE SAMPLE STATISTICS


     UNIVARIATE HIGHER-ORDER MOMENT DESCRIPTIVE STATISTICS

         Variable/         Mean/     Skewness/   Minimum/ % with                Percentiles
        Sample Size      Variance    Kurtosis    Maximum  Min/Max      20%/60%    40%/80%    Median

     X                     1.755       0.044      -1.129    0.50%       0.379      1.225      1.938
             200.000       1.748      -0.919       4.789    0.50%       2.283      2.920

RANDOM STARTS RESULTS RANKED FROM THE BEST TO THE WORST LOGLIKELIHOOD VALUES

Final stage loglikelihood values at local maxima, seeds, and initial stage start numbers:

            -322.796  93468            3
            -322.796  573096           20
            -322.796  533738           11
            -323.378  903420           5



THE BEST LOGLIKELIHOOD VALUE HAS BEEN REPLICATED.  RERUN WITH AT LEAST TWICE THE
RANDOM STARTS TO CHECK THAT THE BEST LOGLIKELIHOOD IS STILL OBTAINED AND REPLICATED.


THE MODEL ESTIMATION TERMINATED NORMALLY



MODEL FIT INFORMATION

Number of Free Parameters                        8

Loglikelihood

          H0 Value                        -322.796
          H0 Scaling Correction Factor      0.9395
            for MLR

Information Criteria

          Akaike (AIC)                     661.593
          Bayesian (BIC)                   687.980
          Sample-Size Adjusted BIC         662.635
            (n* = (n + 2) / 24)



FINAL CLASS COUNTS AND PROPORTIONS FOR THE LATENT CLASSES
BASED ON THE ESTIMATED MODEL

    Latent
   Classes

       1         89.28227          0.44641
       2         41.60130          0.20801
       3         19.64619          0.09823
       4         49.47024          0.24735


FINAL CLASS COUNTS AND PROPORTIONS FOR THE LATENT CLASSES
BASED ON ESTIMATED POSTERIOR PROBABILITIES

    Latent
   Classes

       1         89.28227          0.44641
       2         41.60130          0.20801
       3         19.64619          0.09823
       4         49.47024          0.24735


FINAL CLASS COUNTS AND PROPORTIONS FOR THE LATENT CLASSES
BASED ON THEIR MOST LIKELY LATENT CLASS MEMBERSHIP

Class Counts and Proportions

    Latent
   Classes

       1               94          0.47000
       2               40          0.20000
       3               16          0.08000
       4               50          0.25000


CLASSIFICATION QUALITY

     Entropy                         0.727


Average Latent Class Probabilities for Most Likely Latent Class Membership (Row)
by Latent Class (Column)

           1        2        3        4

    1   0.908    0.037    0.054    0.001
    2   0.062    0.708    0.000    0.229
    3   0.089    0.000    0.911    0.000
    4   0.000    0.196    0.000    0.804


Classification Probabilities for the Most Likely Latent Class Membership (Column)
by Latent Class (Row)

           1        2        3        4

    1   0.956    0.028    0.016    0.000
    2   0.084    0.681    0.000    0.235
    3   0.258    0.000    0.742    0.000
    4   0.002    0.186    0.000    0.813


Logits for the Classification Probabilities for the Most Likely Latent Class Membership (Column)
by Latent Class (Row)

              1        2        3        4

    1      9.899    6.365    5.809    0.000
    2     -1.030    1.063  -12.368    0.000
    3     12.462    0.528   13.517    0.000
    4     -6.263   -1.477  -13.608    0.000


MODEL RESULTS

                                                    Two-Tailed
                    Estimate       S.E.  Est./S.E.    P-Value

Latent Class 1

 Means
    X                  2.540      0.091     27.801      0.000

 Variances
    X                  0.253      0.057      4.419      0.000

Latent Class 2

 Means
    X                  0.942      0.267      3.527      0.000

 Variances
    X                  0.253      0.057      4.419      0.000

Latent Class 3

 Means
    X                  3.912      0.196     19.978      0.000

 Variances
    X                  0.253      0.057      4.419      0.000

Latent Class 4

 Means
    X                  0.165      0.170      0.970      0.332

 Variances
    X                  0.253      0.057      4.419      0.000

Categorical Latent Variables

 Means
    C1#1               0.590      0.415      1.423      0.155
    C1#2              -0.173      0.778     -0.223      0.824
    C1#3              -0.923      0.531     -1.739      0.082


QUALITY OF NUMERICAL RESULTS

     Condition Number for the Information Matrix              0.911E-03
       (ratio of smallest to largest eigenvalue)


TECHNICAL 11 OUTPUT

     Random Starts Specifications for the k-1 Class Analysis Model
        Number of initial stage random starts                  20
        Number of final stage optimizations                     4



     VUONG-LO-MENDELL-RUBIN LIKELIHOOD RATIO TEST FOR 3 (H0) VERSUS 4 CLASSES

          H0 Loglikelihood Value                         -323.378
          2 Times the Loglikelihood Difference              1.164
          Difference in the Number of Parameters                2
          Mean                                              1.892
          Standard Deviation                                1.890
          P-Value                                          0.5690

     LO-MENDELL-RUBIN ADJUSTED LRT TEST

          Value                                             1.064
          P-Value                                          0.5998


TECHNICAL 14 OUTPUT

     Random Starts Specifications for the k-1 Class Analysis Model
        Number of initial stage random starts                  20
        Number of final stage optimizations                     4

     Random Starts Specification for the k-1 Class Model for Generated Data
        Number of initial stage random starts                   0
        Number of final stage optimizations for the
           initial stage random starts                          0
     Random Starts Specification for the k Class Model for Generated Data
        Number of initial stage random starts                  40
        Number of final stage optimizations                     8
     Number of bootstrap draws requested                   Varies


     PARAMETRIC BOOTSTRAPPED LIKELIHOOD RATIO TEST FOR 3 (H0) VERSUS 4 CLASSES

          H0 Loglikelihood Value                         -323.378
          2 Times the Loglikelihood Difference              1.164
          Difference in the Number of Parameters                2
          Approximate P-Value                              0.6000
          Successful Bootstrap Draws                            5


SAVEDATA INFORMATION


  Save file
    tmp_4.dat

  Order and format of variables

    X              F10.3
    CPROB1         F10.3
    CPROB2         F10.3
    CPROB3         F10.3
    CPROB4         F10.3
    C1             F10.3

  Save file format
    6F10.3

  Save file record length    10000

  Save missing symbol        *


     Beginning Time:  16:05:01
        Ending Time:  16:05:03
       Elapsed Time:  00:00:02



MUTHEN & MUTHEN
3463 Stoner Ave.
Los Angeles, CA  90066

Tel: (310) 391-9971
Fax: (310) 391-8971
Web: www.StatModel.com
Support: Support@StatModel.com

Copyright (c) 1998-2021 Muthen & Muthen
